2023-01-23 19:59:55,764 INFO org.springframework.boot.StartupInfoLogger [main] Starting GesresfamilyApplication using Java 17.0.5 on Albertrodtab with PID 25684 (C:\Users\alber\IdeaProjects\gesresfamily\target\classes started by alber in C:\Users\alber\IdeaProjects\gesresfamily)
2023-01-23 19:59:55,761 INFO org.hibernate.validator.internal.util.Version [background-preinit] HV000001: Hibernate Validator 6.2.5.Final
2023-01-23 19:59:55,765 INFO org.springframework.boot.SpringApplication [main] No active profile set, falling back to 1 default profile: "default"
2023-01-23 19:59:56,278 INFO org.springframework.data.repository.config.RepositoryConfigurationDelegate [main] Multiple Spring Data modules found, entering strict repository configuration mode
2023-01-23 19:59:56,280 INFO org.springframework.data.repository.config.RepositoryConfigurationDelegate [main] Bootstrapping Spring Data JDBC repositories in DEFAULT mode.
2023-01-23 19:59:56,302 INFO org.springframework.data.repository.config.RepositoryConfigurationExtensionSupport [main] Spring Data JDBC - Could not safely identify store assignment for repository candidate interface com.alberto.gesresfamily.repository.CentroRepository; If you want this repository to be a JDBC repository, consider annotating your entities with one of these annotations: org.springframework.data.relational.core.mapping.Table.
2023-01-23 19:59:56,303 INFO org.springframework.data.repository.config.RepositoryConfigurationExtensionSupport [main] Spring Data JDBC - Could not safely identify store assignment for repository candidate interface com.alberto.gesresfamily.repository.FamiliarRepository; If you want this repository to be a JDBC repository, consider annotating your entities with one of these annotations: org.springframework.data.relational.core.mapping.Table.
2023-01-23 19:59:56,305 INFO org.springframework.data.repository.config.RepositoryConfigurationExtensionSupport [main] Spring Data JDBC - Could not safely identify store assignment for repository candidate interface com.alberto.gesresfamily.repository.PlanRepository; If you want this repository to be a JDBC repository, consider annotating your entities with one of these annotations: org.springframework.data.relational.core.mapping.Table.
2023-01-23 19:59:56,306 INFO org.springframework.data.repository.config.RepositoryConfigurationExtensionSupport [main] Spring Data JDBC - Could not safely identify store assignment for repository candidate interface com.alberto.gesresfamily.repository.ProfesionalRepository; If you want this repository to be a JDBC repository, consider annotating your entities with one of these annotations: org.springframework.data.relational.core.mapping.Table.
2023-01-23 19:59:56,307 INFO org.springframework.data.repository.config.RepositoryConfigurationExtensionSupport [main] Spring Data JDBC - Could not safely identify store assignment for repository candidate interface com.alberto.gesresfamily.repository.ResidenteRepository; If you want this repository to be a JDBC repository, consider annotating your entities with one of these annotations: org.springframework.data.relational.core.mapping.Table.
2023-01-23 19:59:56,307 INFO org.springframework.data.repository.config.RepositoryConfigurationDelegate [main] Finished Spring Data repository scanning in 24 ms. Found 0 JDBC repository interfaces.
2023-01-23 19:59:56,312 INFO org.springframework.data.repository.config.RepositoryConfigurationDelegate [main] Multiple Spring Data modules found, entering strict repository configuration mode
2023-01-23 19:59:56,313 INFO org.springframework.data.repository.config.RepositoryConfigurationDelegate [main] Bootstrapping Spring Data JPA repositories in DEFAULT mode.
2023-01-23 19:59:56,342 INFO org.springframework.data.repository.config.RepositoryConfigurationDelegate [main] Finished Spring Data repository scanning in 25 ms. Found 5 JPA repository interfaces.
2023-01-23 19:59:56,765 INFO org.springframework.boot.web.embedded.tomcat.TomcatWebServer [main] Tomcat initialized with port(s): 8080 (http)
2023-01-23 19:59:56,773 INFO org.apache.juli.logging.DirectJDKLog [main] Initializing ProtocolHandler ["http-nio-8080"]
2023-01-23 19:59:56,774 INFO org.apache.juli.logging.DirectJDKLog [main] Starting service [Tomcat]
2023-01-23 19:59:56,774 INFO org.apache.juli.logging.DirectJDKLog [main] Starting Servlet engine: [Apache Tomcat/9.0.70]
2023-01-23 19:59:56,854 INFO org.apache.juli.logging.DirectJDKLog [main] Initializing Spring embedded WebApplicationContext
2023-01-23 19:59:56,854 INFO org.springframework.boot.web.servlet.context.ServletWebServerApplicationContext [main] Root WebApplicationContext: initialization completed in 1050 ms
2023-01-23 19:59:56,941 INFO org.hibernate.jpa.internal.util.LogHelper [main] HHH000204: Processing PersistenceUnitInfo [name: default]
2023-01-23 19:59:56,982 INFO org.hibernate.Version [main] HHH000412: Hibernate ORM core version 5.6.14.Final
2023-01-23 19:59:57,092 INFO org.hibernate.annotations.common.reflection.java.JavaReflectionManager [main] HCANN000001: Hibernate Commons Annotations {5.1.2.Final}
2023-01-23 19:59:57,157 INFO com.zaxxer.hikari.HikariDataSource [main] HikariPool-1 - Starting...
2023-01-23 19:59:57,447 INFO com.zaxxer.hikari.HikariDataSource [main] HikariPool-1 - Start completed.
2023-01-23 19:59:57,466 INFO org.hibernate.dialect.Dialect [main] HHH000400: Using dialect: org.hibernate.dialect.MySQL8Dialect
2023-01-23 19:59:58,086 INFO org.hibernate.engine.transaction.jta.platform.internal.JtaPlatformInitiator [main] HHH000490: Using JtaPlatform implementation: [org.hibernate.engine.transaction.jta.platform.internal.NoJtaPlatform]
2023-01-23 19:59:58,092 INFO org.springframework.orm.jpa.AbstractEntityManagerFactoryBean [main] Initialized JPA EntityManagerFactory for persistence unit 'default'
2023-01-23 19:59:58,361 WARN org.springframework.boot.autoconfigure.orm.jpa.JpaBaseConfiguration$JpaWebConfiguration [main] spring.jpa.open-in-view is enabled by default. Therefore, database queries may be performed during view rendering. Explicitly configure spring.jpa.open-in-view to disable this warning
2023-01-23 19:59:58,581 INFO org.apache.juli.logging.DirectJDKLog [main] Starting ProtocolHandler ["http-nio-8080"]
2023-01-23 19:59:58,599 INFO org.springframework.boot.web.embedded.tomcat.TomcatWebServer [main] Tomcat started on port(s): 8080 (http) with context path ''
2023-01-23 19:59:58,604 INFO org.springframework.boot.StartupInfoLogger [main] Started GesresfamilyApplication in 3.12 seconds (JVM running for 3.51)
2023-01-23 20:00:06,643 INFO org.apache.juli.logging.DirectJDKLog [http-nio-8080-exec-2] Initializing Spring DispatcherServlet 'dispatcherServlet'
2023-01-23 20:00:06,643 INFO org.springframework.web.servlet.FrameworkServlet [http-nio-8080-exec-2] Initializing Servlet 'dispatcherServlet'
2023-01-23 20:00:06,644 INFO org.springframework.web.servlet.FrameworkServlet [http-nio-8080-exec-2] Completed initialization in 0 ms
2023-01-23 20:01:30,743 INFO com.alberto.gesresfamily.controller.ProfesionalController [http-nio-8080-exec-5] Inicio getProfesionales
2023-01-23 20:01:30,743 INFO com.alberto.gesresfamily.controller.ProfesionalController [http-nio-8080-exec-5] Muestra todos los profesionales
2023-01-23 20:01:30,829 INFO com.alberto.gesresfamily.controller.ProfesionalController [http-nio-8080-exec-5] Fin getProfesinales
2023-01-23 20:01:36,736 INFO com.alberto.gesresfamily.controller.ProfesionalController [http-nio-8080-exec-6] Inicio PatchProfesional 1
2023-01-23 20:01:36,785 INFO com.alberto.gesresfamily.controller.ProfesionalController [http-nio-8080-exec-6] Fin patchprofesional 1
2023-01-23 20:02:05,796 INFO com.alberto.gesresfamily.controller.PlanController [http-nio-8080-exec-9] Inicio getPlanes
2023-01-23 20:02:05,797 INFO com.alberto.gesresfamily.controller.PlanController [http-nio-8080-exec-9] Muestra todos los planes
2023-01-23 20:02:51,206 INFO com.alberto.gesresfamily.controller.PlanController [http-nio-8080-exec-8] Inicio PatchPlan 1
2023-01-23 20:02:51,221 INFO com.alberto.gesresfamily.controller.PlanController [http-nio-8080-exec-8] Fin patchPlan 1
2023-01-23 20:02:58,691 INFO com.alberto.gesresfamily.controller.PlanController [http-nio-8080-exec-10] Inicio PatchPlan 1
2023-01-23 20:02:58,708 INFO com.alberto.gesresfamily.controller.PlanController [http-nio-8080-exec-10] Fin patchPlan 1
